<?xml version="1.0" encoding="UTF-8"?>
<!-- Generated by org.testng.reporters.JUnitReportReporter -->
<testsuite skipped="0" hostname="DESKTOP-1IU47DD" name="org.techAltum.com.TC01" tests="1" failures="0" timestamp="2019-11-30T06:36:29 IST" time="30.113" errors="0">
  <testcase name="testCase01" time="30.113" classname="org.techAltum.com.TC01"/>
</testsuite> <!-- org.techAltum.com.TC01 -->
