<?xml version="1.0" encoding="UTF-8"?>
<!-- Generated by org.testng.reporters.JUnitReportReporter -->
<testsuite skipped="0" hostname="DESKTOP-1IU47DD" name="myPack01.MouseOver" tests="1" failures="0" timestamp="2019-11-24T12:39:09 IST" time="256.198" errors="0">
  <testcase name="forEmployers" time="256.198" classname="myPack01.MouseOver"/>
</testsuite> <!-- myPack01.MouseOver -->
