<?xml version="1.0" encoding="UTF-8"?>
<!-- Generated by org.testng.reporters.JUnitReportReporter -->
<testsuite skipped="0" hostname="DESKTOP-1IU47DD" name="org.techAltum.com.TC03" tests="1" failures="0" timestamp="2019-11-30T09:12:03 IST" time="19.137" errors="0">
  <testcase name="testCase03" time="19.137" classname="org.techAltum.com.TC03"/>
</testsuite> <!-- org.techAltum.com.TC03 -->
