<?xml version="1.0" encoding="UTF-8"?>
<!-- Generated by org.testng.reporters.JUnitReportReporter -->
<testsuite skipped="0" hostname="DESKTOP-1IU47DD" name="myPack01.GoogleTextBox" tests="1" failures="0" timestamp="2019-11-23T23:26:30 IST" time="20.580" errors="0">
  <testcase name="googleTextBoxSuggestion" time="20.580" classname="myPack01.GoogleTextBox"/>
</testsuite> <!-- myPack01.GoogleTextBox -->
