<?xml version="1.0" encoding="UTF-8"?>
<!-- Generated by org.testng.reporters.JUnitReportReporter -->
<testsuite skipped="0" hostname="DESKTOP-1IU47DD" name="myPack01.TestCase02" tests="1" failures="0" timestamp="2019-11-17T10:28:19 IST" time="19.723" errors="0">
  <testcase name="searchJobText" time="19.723" classname="myPack01.TestCase02"/>
</testsuite> <!-- myPack01.TestCase02 -->
