<?xml version="1.0" encoding="UTF-8"?>
<!-- Generated by org.testng.reporters.JUnitReportReporter -->
<testsuite skipped="0" hostname="DESKTOP-1IU47DD" name="org.techAltum.com.TC04" tests="1" failures="0" timestamp="2019-11-30T10:46:01 IST" time="37.677" errors="0">
  <testcase name="testCase04" time="37.677" classname="org.techAltum.com.TC04"/>
</testsuite> <!-- org.techAltum.com.TC04 -->
