<?xml version="1.0" encoding="UTF-8"?>
<!-- Generated by org.testng.reporters.JUnitReportReporter -->
<testsuite skipped="0" hostname="DESKTOP-1IU47DD" name="myPack01.TestCase04" tests="1" failures="0" timestamp="2019-11-24T23:57:50 IST" time="39.394" errors="0">
  <testcase name="TicketReservation" time="39.394" classname="myPack01.TestCase04"/>
</testsuite> <!-- myPack01.TestCase04 -->
